<?xml version="1.0" encoding="UTF-8"?>
<testsuite xmlns:xsi="http://www.w3.org/2001/XMLSchema-instance" xsi:noNamespaceSchemaLocation="https://maven.apache.org/surefire/maven-surefire-plugin/xsd/surefire-test-report.xsd" version="3.0.2" name="io.cucumber.cucumber_java2.RunCucumberTest" time="0.14" tests="1" errors="0" skipped="0" failures="0">
  <properties>
[...]
</properties>
  <testcase name="Product search feature - Search for the product" classname="Product search feature" time="0.063">
    <system-out><![CDATA[
@tag @positive
Scenario: Search for the product             &amp#27;[90m# io/cucumber/cucumber_java2/amazon.feature:6&amp#27;[0m
  &amp#27;[32mGiven &amp#27;[0m&amp#27;[32mI am on the Amazon homepage&amp#27;[0m          &amp#27;[90m# io.cucumber.cucumber_java2.StepDefinitions.i_am_on_the_amazon_homepage()&amp#27;[0m
  &amp#27;[32mWhen &amp#27;[0m&amp#27;[32mI search for &amp#27;[0m&amp#27;[32m&amp#27;[1m"Apple iphone"&amp#27;[0m           &amp#27;[90m# io.cucumber.cucumber_java2.StepDefinitions.searchFor(java.lang.String)&amp#27;[0m
  &amp#27;[32mAnd &amp#27;[0m&amp#27;[32mI select the first serach result&amp#27;[0m       &amp#27;[90m# io.cucumber.cucumber_java2.StepDefinitions.search_result()&amp#27;[0m
  &amp#27;[32mThen &amp#27;[0m&amp#27;[32mI should see the product details page&amp#27;[0m &amp#27;[90m# io.cucumber.cucumber_java2.StepDefinitions.i_should_see_the_product_details_page()&amp#27;[0m
]]></system-out>
  </testcase>
</testsuite>